This is pdfTeX, Version 3.141592653-2.6-1.40.27 (TeX Live 2025) (preloaded format=pdflatex 2025.5.14)  16 MAY 2025 14:25
entering extended mode
 restricted \write18 enabled.
 %&-line parsing enabled.
**active-travel-behaviour-evolution-in-Canada.tex
(./active-travel-behaviour-evolution-in-Canada.tex
LaTeX2e <2024-11-01> patch level 2
L3 programming layer <2025-04-29>
(./elsarticle.cls
Document Class: elsarticle 2020/11/20, 3.3: Elsevier Ltd
(c:/ProgramData/TinyTeX/texmf-dist/tex/latex/l3kernel/expl3.sty
Package: expl3 2025-04-29 L3 programming layer (loader) 
(c:/ProgramData/TinyTeX/texmf-dist/tex/latex/l3backend/l3backend-pdftex.def
File: l3backend-pdftex.def 2025-04-14 L3 backend support: PDF output (pdfTeX)
\l__color_backend_stack_int=\count272
)) (c:/ProgramData/TinyTeX/texmf-dist/tex/latex/l3packages/xparse/xparse.sty
Package: xparse 2024-08-16 L3 Experimental document command parser
) (c:/ProgramData/TinyTeX/texmf-dist/tex/latex/etoolbox/etoolbox.sty
Package: etoolbox 2025/02/11 v2.5l e-TeX tools for LaTeX (JAW)
\etb@tempcnta=\count273
)
\@bls=\dimen146
(c:/ProgramData/TinyTeX/texmf-dist/tex/latex/base/article.cls
Document Class: article 2024/06/29 v1.4n Standard LaTeX document class
(c:/ProgramData/TinyTeX/texmf-dist/tex/latex/base/size10.clo
File: size10.clo 2024/06/29 v1.4n Standard LaTeX file (size option)
)
\c@part=\count274
\c@section=\count275
\c@subsection=\count276
\c@subsubsection=\count277
\c@paragraph=\count278
\c@subparagraph=\count279
\c@figure=\count280
\c@table=\count281
\abovecaptionskip=\skip49
\belowcaptionskip=\skip50
\bibindent=\dimen147
) (c:/ProgramData/TinyTeX/texmf-dist/tex/latex/graphics/graphicx.sty
Package: graphicx 2021/09/16 v1.2d Enhanced LaTeX Graphics (DPC,SPQR)
(c:/ProgramData/TinyTeX/texmf-dist/tex/latex/graphics/keyval.sty
Package: keyval 2022/05/29 v1.15 key=value parser (DPC)
\KV@toks@=\toks17
) (c:/ProgramData/TinyTeX/texmf-dist/tex/latex/graphics/graphics.sty
Package: graphics 2024/08/06 v1.4g Standard LaTeX Graphics (DPC,SPQR)
(c:/ProgramData/TinyTeX/texmf-dist/tex/latex/graphics/trig.sty
Package: trig 2023/12/02 v1.11 sin cos tan (DPC)
) (c:/ProgramData/TinyTeX/texmf-dist/tex/latex/graphics-cfg/graphics.cfg
File: graphics.cfg 2016/06/04 v1.11 sample graphics configuration
)
Package graphics Info: Driver file: pdftex.def on input line 106.
(c:/ProgramData/TinyTeX/texmf-dist/tex/latex/graphics-def/pdftex.def
File: pdftex.def 2024/04/13 v1.2c Graphics/color driver for pdftex
))
\Gin@req@height=\dimen148
\Gin@req@width=\dimen149
)
\c@tnote=\count282
\c@fnote=\count283
\c@cnote=\count284
\c@ead=\count285
\c@author=\count286
\@eadauthor=\toks18
\c@affn=\count287
\absbox=\box53
\elsarticlehighlightsbox=\box54
\elsarticlegrabsbox=\box55
\keybox=\box56
\Columnwidth=\dimen150
\space@left=\dimen151
\els@boxa=\box57
\els@boxb=\box58
\leftMargin=\dimen152
\@enLab=\toks19
\@sep=\skip51
\@@sep=\skip52
(./active-travel-behaviour-evolution-in-Canada.spl) (c:/ProgramData/TinyTeX/texmf-dist/tex/latex/natbib/natbib.sty
Package: natbib 2010/09/13 8.31b (PWD, AO)
\bibhang=\skip53
\bibsep=\skip54
LaTeX Info: Redefining \cite on input line 694.
\c@NAT@ctr=\count288
)
\splwrite=\write3
\openout3 = `active-travel-behaviour-evolution-in-Canada.spl'.

\appnamewidth=\dimen153
) (c:/ProgramData/TinyTeX/texmf-dist/tex/latex/url/url.sty
\Urlmuskip=\muskip17
Package: url 2013/09/16  ver 3.4  Verb mode for urls, etc.
) (c:/ProgramData/TinyTeX/texmf-dist/tex/latex/base/fontenc.sty
Package: fontenc 2021/04/29 v2.0v Standard LaTeX package
) (c:/ProgramData/TinyTeX/texmf-dist/tex/latex/lm/lmodern.sty
Package: lmodern 2015/05/01 v1.6.1 Latin Modern Fonts
LaTeX Font Info:    Overwriting symbol font `operators' in version `normal'
(Font)                  OT1/cmr/m/n --> OT1/lmr/m/n on input line 22.
LaTeX Font Info:    Overwriting symbol font `letters' in version `normal'
(Font)                  OML/cmm/m/it --> OML/lmm/m/it on input line 23.
LaTeX Font Info:    Overwriting symbol font `symbols' in version `normal'
(Font)                  OMS/cmsy/m/n --> OMS/lmsy/m/n on input line 24.
LaTeX Font Info:    Overwriting symbol font `largesymbols' in version `normal'
(Font)                  OMX/cmex/m/n --> OMX/lmex/m/n on input line 25.
LaTeX Font Info:    Overwriting symbol font `operators' in version `bold'
(Font)                  OT1/cmr/bx/n --> OT1/lmr/bx/n on input line 26.
LaTeX Font Info:    Overwriting symbol font `letters' in version `bold'
(Font)                  OML/cmm/b/it --> OML/lmm/b/it on input line 27.
LaTeX Font Info:    Overwriting symbol font `symbols' in version `bold'
(Font)                  OMS/cmsy/b/n --> OMS/lmsy/b/n on input line 28.
LaTeX Font Info:    Overwriting symbol font `largesymbols' in version `bold'
(Font)                  OMX/cmex/m/n --> OMX/lmex/m/n on input line 29.
LaTeX Font Info:    Overwriting math alphabet `\mathbf' in version `normal'
(Font)                  OT1/cmr/bx/n --> OT1/lmr/bx/n on input line 31.
LaTeX Font Info:    Overwriting math alphabet `\mathsf' in version `normal'
(Font)                  OT1/cmss/m/n --> OT1/lmss/m/n on input line 32.
LaTeX Font Info:    Overwriting math alphabet `\mathit' in version `normal'
(Font)                  OT1/cmr/m/it --> OT1/lmr/m/it on input line 33.
LaTeX Font Info:    Overwriting math alphabet `\mathtt' in version `normal'
(Font)                  OT1/cmtt/m/n --> OT1/lmtt/m/n on input line 34.
LaTeX Font Info:    Overwriting math alphabet `\mathbf' in version `bold'
(Font)                  OT1/cmr/bx/n --> OT1/lmr/bx/n on input line 35.
LaTeX Font Info:    Overwriting math alphabet `\mathsf' in version `bold'
(Font)                  OT1/cmss/bx/n --> OT1/lmss/bx/n on input line 36.
LaTeX Font Info:    Overwriting math alphabet `\mathit' in version `bold'
(Font)                  OT1/cmr/bx/it --> OT1/lmr/bx/it on input line 37.
LaTeX Font Info:    Overwriting math alphabet `\mathtt' in version `bold'
(Font)                  OT1/cmtt/m/n --> OT1/lmtt/m/n on input line 38.
) (c:/ProgramData/TinyTeX/texmf-dist/tex/latex/amsfonts/amssymb.sty
Package: amssymb 2013/01/14 v3.01 AMS font symbols
(c:/ProgramData/TinyTeX/texmf-dist/tex/latex/amsfonts/amsfonts.sty
Package: amsfonts 2013/01/14 v3.01 Basic AMSFonts support
\@emptytoks=\toks20
\symAMSa=\mathgroup4
\symAMSb=\mathgroup5
LaTeX Font Info:    Redeclaring math symbol \hbar on input line 98.
LaTeX Font Info:    Overwriting math alphabet `\mathfrak' in version `bold'
(Font)                  U/euf/m/n --> U/euf/b/n on input line 106.
)) (c:/ProgramData/TinyTeX/texmf-dist/tex/latex/amsmath/amsmath.sty
Package: amsmath 2024/11/05 v2.17t AMS math features
\@mathmargin=\skip55
For additional information on amsmath, use the `?' option.
(c:/ProgramData/TinyTeX/texmf-dist/tex/latex/amsmath/amstext.sty
Package: amstext 2021/08/26 v2.01 AMS text
(c:/ProgramData/TinyTeX/texmf-dist/tex/latex/amsmath/amsgen.sty
File: amsgen.sty 1999/11/30 v2.0 generic functions
\@emptytoks=\toks21
\ex@=\dimen154
)) (c:/ProgramData/TinyTeX/texmf-dist/tex/latex/amsmath/amsbsy.sty
Package: amsbsy 1999/11/29 v1.2d Bold Symbols
\pmbraise@=\dimen155
) (c:/ProgramData/TinyTeX/texmf-dist/tex/latex/amsmath/amsopn.sty
Package: amsopn 2022/04/08 v2.04 operator names
)
\inf@bad=\count289
LaTeX Info: Redefining \frac on input line 233.
\uproot@=\count290
\leftroot@=\count291
LaTeX Info: Redefining \overline on input line 398.
LaTeX Info: Redefining \colon on input line 409.
\classnum@=\count292
\DOTSCASE@=\count293
LaTeX Info: Redefining \ldots on input line 495.
LaTeX Info: Redefining \dots on input line 498.
LaTeX Info: Redefining \cdots on input line 619.
\Mathstrutbox@=\box59
\strutbox@=\box60
LaTeX Info: Redefining \big on input line 721.
LaTeX Info: Redefining \Big on input line 722.
LaTeX Info: Redefining \bigg on input line 723.
LaTeX Info: Redefining \Bigg on input line 724.
\big@size=\dimen156
LaTeX Font Info:    Redeclaring font encoding OML on input line 742.
LaTeX Font Info:    Redeclaring font encoding OMS on input line 743.
\macc@depth=\count294
LaTeX Info: Redefining \bmod on input line 904.
LaTeX Info: Redefining \pmod on input line 909.
LaTeX Info: Redefining \smash on input line 939.
LaTeX Info: Redefining \relbar on input line 969.
LaTeX Info: Redefining \Relbar on input line 970.
\c@MaxMatrixCols=\count295
\dotsspace@=\muskip18
\c@parentequation=\count296
\dspbrk@lvl=\count297
\tag@help=\toks22
\row@=\count298
\column@=\count299
\maxfields@=\count300
\andhelp@=\toks23
\eqnshift@=\dimen157
\alignsep@=\dimen158
\tagshift@=\dimen159
\tagwidth@=\dimen160
\totwidth@=\dimen161
\lineht@=\dimen162
\@envbody=\toks24
\multlinegap=\skip56
\multlinetaggap=\skip57
\mathdisplay@stack=\toks25
LaTeX Info: Redefining \[ on input line 2953.
LaTeX Info: Redefining \] on input line 2954.
) (c:/ProgramData/TinyTeX/texmf-dist/tex/latex/lineno/lineno.sty
Package: lineno 2025/05/13 line numbers on paragraphs v5.5
(c:/ProgramData/TinyTeX/texmf-dist/tex/latex/kvoptions/kvoptions.sty
Package: kvoptions 2022-06-15 v3.15 Key value format for package options (HO)
(c:/ProgramData/TinyTeX/texmf-dist/tex/generic/ltxcmds/ltxcmds.sty
Package: ltxcmds 2023-12-04 v1.26 LaTeX kernel commands for general use (HO)
) (c:/ProgramData/TinyTeX/texmf-dist/tex/latex/kvsetkeys/kvsetkeys.sty
Package: kvsetkeys 2022-10-05 v1.19 Key value parser (HO)
))
\linenopenalty=\count301
\output=\toks26
\linenoprevgraf=\count302
\linenumbersep=\dimen163
\linenumberwidth=\dimen164
\c@linenumber=\count303
\c@pagewiselinenumber=\count304
\c@LN@truepage=\count305
\c@internallinenumber=\count306
\c@internallinenumbers=\count307
\quotelinenumbersep=\dimen165
\bframerule=\dimen166
\bframesep=\dimen167
\bframebox=\box61
\@LN@amsmath@ams@eqpen=\count308
) (c:/ProgramData/TinyTeX/texmf-dist/tex/generic/iftex/ifxetex.sty
Package: ifxetex 2019/10/25 v0.7 ifxetex legacy package. Use iftex instead.
(c:/ProgramData/TinyTeX/texmf-dist/tex/generic/iftex/iftex.sty
Package: iftex 2024/12/12 v1.0g TeX engine tests
)) (c:/ProgramData/TinyTeX/texmf-dist/tex/generic/iftex/ifluatex.sty
Package: ifluatex 2019/10/25 v1.5 ifluatex legacy package. Use iftex instead.
) (c:/ProgramData/TinyTeX/texmf-dist/tex/latex/base/fixltx2e.sty
Package: fixltx2e 2016/12/29 v2.1a fixes to LaTeX (obsolete)
Applying: [2015/01/01] Old fixltx2e package on input line 46.

Package fixltx2e Warning: fixltx2e is not required with releases after 2015
(fixltx2e)                All fixes are now in the LaTeX kernel.
(fixltx2e)                See the latexrelease package for details.

Already applied: [0000/00/00] Old fixltx2e package on input line 53.
) (c:/ProgramData/TinyTeX/texmf-dist/tex/latex/base/inputenc.sty
Package: inputenc 2024/02/08 v1.3d Input encoding file
\inpenc@prehook=\toks27
\inpenc@posthook=\toks28
) (c:/ProgramData/TinyTeX/texmf-dist/tex/latex/hyperref/hyperref.sty
Package: hyperref 2024-11-05 v7.01l Hypertext links for LaTeX
(c:/ProgramData/TinyTeX/texmf-dist/tex/generic/kvdefinekeys/kvdefinekeys.sty
Package: kvdefinekeys 2019-12-19 v1.6 Define keys (HO)
) (c:/ProgramData/TinyTeX/texmf-dist/tex/generic/pdfescape/pdfescape.sty
Package: pdfescape 2019/12/09 v1.15 Implements pdfTeX's escape features (HO)
(c:/ProgramData/TinyTeX/texmf-dist/tex/generic/pdftexcmds/pdftexcmds.sty
Package: pdftexcmds 2020-06-27 v0.33 Utility functions of pdfTeX for LuaTeX (HO)
(c:/ProgramData/TinyTeX/texmf-dist/tex/generic/infwarerr/infwarerr.sty
Package: infwarerr 2019/12/03 v1.5 Providing info/warning/error messages (HO)
)
Package pdftexcmds Info: \pdf@primitive is available.
Package pdftexcmds Info: \pdf@ifprimitive is available.
Package pdftexcmds Info: \pdfdraftmode found.
)) (c:/ProgramData/TinyTeX/texmf-dist/tex/latex/hycolor/hycolor.sty
Package: hycolor 2020-01-27 v1.10 Color options for hyperref/bookmark (HO)
) (c:/ProgramData/TinyTeX/texmf-dist/tex/latex/hyperref/nameref.sty
Package: nameref 2023-11-26 v2.56 Cross-referencing by name of section
(c:/ProgramData/TinyTeX/texmf-dist/tex/latex/refcount/refcount.sty
Package: refcount 2019/12/15 v3.6 Data extraction from label references (HO)
) (c:/ProgramData/TinyTeX/texmf-dist/tex/generic/gettitlestring/gettitlestring.sty
Package: gettitlestring 2019/12/15 v1.6 Cleanup title references (HO)
)
\c@section@level=\count309
) (c:/ProgramData/TinyTeX/texmf-dist/tex/generic/stringenc/stringenc.sty
Package: stringenc 2019/11/29 v1.12 Convert strings between diff. encodings (HO)
)
\@linkdim=\dimen168
\Hy@linkcounter=\count310
\Hy@pagecounter=\count311
(c:/ProgramData/TinyTeX/texmf-dist/tex/latex/hyperref/pd1enc.def
File: pd1enc.def 2024-11-05 v7.01l Hyperref: PDFDocEncoding definition (HO)
Now handling font encoding PD1 ...
... no UTF-8 mapping file for font encoding PD1
) (c:/ProgramData/TinyTeX/texmf-dist/tex/generic/intcalc/intcalc.sty
Package: intcalc 2019/12/15 v1.3 Expandable calculations with integers (HO)
)
\Hy@SavedSpaceFactor=\count312
(c:/ProgramData/TinyTeX/texmf-dist/tex/latex/hyperref/puenc.def
File: puenc.def 2024-11-05 v7.01l Hyperref: PDF Unicode definition (HO)
Now handling font encoding PU ...
... no UTF-8 mapping file for font encoding PU
)
Package hyperref Info: Option `unicode' set `true' on input line 4040.
Package hyperref Info: Hyper figures OFF on input line 4157.
Package hyperref Info: Link nesting OFF on input line 4162.
Package hyperref Info: Hyper index ON on input line 4165.
Package hyperref Info: Plain pages OFF on input line 4172.
Package hyperref Info: Backreferencing OFF on input line 4177.
Package hyperref Info: Implicit mode ON; LaTeX internals redefined.
Package hyperref Info: Bookmarks ON on input line 4424.
\c@Hy@tempcnt=\count313
LaTeX Info: Redefining \url on input line 4763.
\XeTeXLinkMargin=\dimen169
(c:/ProgramData/TinyTeX/texmf-dist/tex/generic/bitset/bitset.sty
Package: bitset 2019/12/09 v1.3 Handle bit-vector datatype (HO)
(c:/ProgramData/TinyTeX/texmf-dist/tex/generic/bigintcalc/bigintcalc.sty
Package: bigintcalc 2019/12/15 v1.5 Expandable calculations on big integers (HO)
))
\Fld@menulength=\count314
\Field@Width=\dimen170
\Fld@charsize=\dimen171
Package hyperref Info: Hyper figures OFF on input line 6042.
Package hyperref Info: Link nesting OFF on input line 6047.
Package hyperref Info: Hyper index ON on input line 6050.
Package hyperref Info: backreferencing OFF on input line 6057.
Package hyperref Info: Link coloring OFF on input line 6062.
Package hyperref Info: Link coloring with OCG OFF on input line 6067.
Package hyperref Info: PDF/A mode OFF on input line 6072.
(c:/ProgramData/TinyTeX/texmf-dist/tex/latex/base/atbegshi-ltx.sty
Package: atbegshi-ltx 2021/01/10 v1.0c Emulation of the original atbegshi
package with kernel methods
)
\Hy@abspage=\count315
\c@Item=\count316
\c@Hfootnote=\count317
)
Package hyperref Info: Driver (autodetected): hpdftex.
(c:/ProgramData/TinyTeX/texmf-dist/tex/latex/hyperref/hpdftex.def
File: hpdftex.def 2024-11-05 v7.01l Hyperref driver for pdfTeX
(c:/ProgramData/TinyTeX/texmf-dist/tex/latex/base/atveryend-ltx.sty
Package: atveryend-ltx 2020/08/19 v1.0a Emulation of the original atveryend package
with kernel methods
)
\Fld@listcount=\count318
\c@bookmark@seq@number=\count319
(c:/ProgramData/TinyTeX/texmf-dist/tex/latex/rerunfilecheck/rerunfilecheck.sty
Package: rerunfilecheck 2022-07-10 v1.10 Rerun checks for auxiliary files (HO)
(c:/ProgramData/TinyTeX/texmf-dist/tex/generic/uniquecounter/uniquecounter.sty
Package: uniquecounter 2019/12/15 v1.4 Provide unlimited unique counter (HO)
)
Package uniquecounter Info: New unique counter `rerunfilecheck' on input line 285.
)
\Hy@SectionHShift=\skip58
)
Package hyperref Info: Option `breaklinks' set `true' on input line 51.

Package hyperref Warning: Option `bookmarks' has already been used,
(hyperref)                setting the option has no effect on input line 51.

Package hyperref Info: Option `colorlinks' set `false' on input line 51.
(c:/ProgramData/TinyTeX/texmf-dist/tex/latex/booktabs/booktabs.sty
Package: booktabs 2020/01/12 v1.61803398 Publication quality tables
\heavyrulewidth=\dimen172
\lightrulewidth=\dimen173
\cmidrulewidth=\dimen174
\belowrulesep=\dimen175
\belowbottomsep=\dimen176
\aboverulesep=\dimen177
\abovetopsep=\dimen178
\cmidrulesep=\dimen179
\cmidrulekern=\dimen180
\defaultaddspace=\dimen181
\@cmidla=\count320
\@cmidlb=\count321
\@aboverulesep=\dimen182
\@belowrulesep=\dimen183
\@thisruleclass=\count322
\@lastruleclass=\count323
\@thisrulewidth=\dimen184
) (c:/ProgramData/TinyTeX/texmf-dist/tex/latex/tools/longtable.sty
Package: longtable 2024-10-27 v4.22 Multi-page Table package (DPC)
\LTleft=\skip59
\LTright=\skip60
\LTpre=\skip61
\LTpost=\skip62
\LTchunksize=\count324
\LTcapwidth=\dimen185
\LT@head=\box62
\LT@firsthead=\box63
\LT@foot=\box64
\LT@lastfoot=\box65
\LT@gbox=\box66
\LT@cols=\count325
\LT@rows=\count326
\c@LT@tables=\count327
\c@LT@chunks=\count328
\LT@p@ftn=\toks29
) (c:/ProgramData/TinyTeX/texmf-dist/tex/latex/tools/array.sty
Package: array 2024/10/17 v2.6g Tabular extension package (FMi)
\col@sep=\dimen186
\ar@mcellbox=\box67
\extrarowheight=\dimen187
\NC@list=\toks30
\extratabsurround=\skip63
\backup@length=\skip64
\ar@cellbox=\box68
) (c:/ProgramData/TinyTeX/texmf-dist/tex/latex/multirow/multirow.sty
Package: multirow 2024/11/12 v2.9 Span multiple rows of a table
\multirow@colwidth=\skip65
\multirow@cntb=\count329
\multirow@dima=\skip66
\bigstrutjot=\dimen188
) (c:/ProgramData/TinyTeX/texmf-dist/tex/latex/wrapfig/wrapfig.sty
\wrapoverhang=\dimen189
\WF@size=\dimen190
\c@WF@wrappedlines=\count330
\WF@box=\box69
\WF@everypar=\toks31
Package: wrapfig 2003/01/31  v 3.6
) (c:/ProgramData/TinyTeX/texmf-dist/tex/latex/float/float.sty
Package: float 2001/11/08 v1.3d Float enhancements (AL)
\c@float@type=\count331
\float@exts=\toks32
\float@box=\box70
\@float@everytoks=\toks33
\@floatcapt=\box71
) (c:/ProgramData/TinyTeX/texmf-dist/tex/latex/colortbl/colortbl.sty
Package: colortbl 2024/07/06 v1.0i Color table columns (DPC)
(c:/ProgramData/TinyTeX/texmf-dist/tex/latex/graphics/color.sty
Package: color 2024/06/23 v1.3e Standard LaTeX Color (DPC)
(c:/ProgramData/TinyTeX/texmf-dist/tex/latex/graphics-cfg/color.cfg
File: color.cfg 2016/01/02 v1.6 sample color configuration
)
Package color Info: Driver file: pdftex.def on input line 149.
(c:/ProgramData/TinyTeX/texmf-dist/tex/latex/graphics/mathcolor.ltx))
\everycr=\toks34
\minrowclearance=\skip67
\rownum=\count332
) (c:/ProgramData/TinyTeX/texmf-dist/tex/latex/pdflscape/pdflscape.sty
Package: pdflscape 2022-10-27 v0.13 Display of landscape pages in PDF
(c:/ProgramData/TinyTeX/texmf-dist/tex/latex/pdflscape/pdflscape-nometadata.sty
Package: pdflscape-nometadata 2022-10-28 v0.13 Display of landscape pages in PDF (HO)
(c:/ProgramData/TinyTeX/texmf-dist/tex/latex/graphics/lscape.sty
Package: lscape 2020/05/28 v3.02 Landscape Pages (DPC)
)
Package pdflscape Info: Auto-detected driver: pdftex on input line 81.
)) (c:/ProgramData/TinyTeX/texmf-dist/tex/latex/tabu/tabu.sty
Package: tabu 2019/01/11 v2.9 - flexible LaTeX tabulars (FC+tabu-fixed)
(c:/ProgramData/TinyTeX/texmf-dist/tex/latex/varwidth/varwidth.sty
Package: varwidth 2009/03/30 ver 0.92;  Variable-width minipages
\@vwid@box=\box72
\sift@deathcycles=\count333
\@vwid@loff=\dimen191
\@vwid@roff=\dimen192
)
\c@taburow=\count334
\tabu@nbcols=\count335
\tabu@cnt=\count336
\tabu@Xcol=\count337
\tabu@alloc=\count338
\tabu@nested=\count339
\tabu@target=\dimen193
\tabu@spreadtarget=\dimen194
\tabu@naturalX=\dimen195
\tabucolX=\dimen196
\tabu@Xsum=\dimen197
\extrarowdepth=\dimen198
\abovetabulinesep=\dimen199
\belowtabulinesep=\dimen256
\tabustrutrule=\dimen257
\tabu@thebody=\toks35
\tabu@footnotes=\toks36
\tabu@box=\box73
\tabu@arstrutbox=\box74
\tabu@hleads=\box75
\tabu@vleads=\box76
\tabu@cellskip=\skip68
) (c:/ProgramData/TinyTeX/texmf-dist/tex/latex/threeparttable/threeparttable.sty
Package: threeparttable 2003/06/13  v 3.0
\@tempboxb=\box77
) (c:/ProgramData/TinyTeX/texmf-dist/tex/latex/threeparttablex/threeparttablex.sty
Package: threeparttablex 2013/07/23 v0.3 by daleif
(c:/ProgramData/TinyTeX/texmf-dist/tex/latex/environ/environ.sty
Package: environ 2014/05/04 v0.3 A new way to define environments
(c:/ProgramData/TinyTeX/texmf-dist/tex/latex/trimspaces/trimspaces.sty
Package: trimspaces 2009/09/17 v1.1 Trim spaces around a token list
))
\TPTL@width=\skip69
) (c:/ProgramData/TinyTeX/texmf-dist/tex/generic/ulem/ulem.sty
\UL@box=\box78
\UL@hyphenbox=\box79
\UL@skip=\skip70
\UL@hook=\toks37
\UL@height=\dimen258
\UL@pe=\count340
\UL@pixel=\dimen259
\ULC@box=\box80
Package: ulem 2019/11/18
\ULdepth=\dimen260
) (c:/ProgramData/TinyTeX/texmf-dist/tex/latex/makecell/makecell.sty
Package: makecell 2009/08/03 V0.1e Managing of Tab Column Heads and Cells
\rotheadsize=\dimen261
\c@nlinenum=\count341
\TeXr@lab=\toks38
) (c:/ProgramData/TinyTeX/texmf-dist/tex/latex/xcolor/xcolor.sty
Package: xcolor 2024/09/29 v3.02 LaTeX color extensions (UK)
(c:/ProgramData/TinyTeX/texmf-dist/tex/latex/graphics-cfg/color.cfg
File: color.cfg 2016/01/02 v1.6 sample color configuration
)
Package xcolor Info: Driver file: pdftex.def on input line 274.
LaTeX Info: Redefining \color on input line 762.
(c:/ProgramData/TinyTeX/texmf-dist/tex/latex/graphics/mathcolor.ltx)
Package xcolor Info: Model `cmy' substituted by `cmy0' on input line 1349.
Package xcolor Info: Model `hsb' substituted by `rgb' on input line 1353.
Package xcolor Info: Model `RGB' extended on input line 1365.
Package xcolor Info: Model `HTML' substituted by `rgb' on input line 1367.
Package xcolor Info: Model `Hsb' substituted by `hsb' on input line 1368.
Package xcolor Info: Model `tHsb' substituted by `hsb' on input line 1369.
Package xcolor Info: Model `HSB' substituted by `hsb' on input line 1370.
Package xcolor Info: Model `Gray' substituted by `gray' on input line 1371.
Package xcolor Info: Model `wave' substituted by `hsb' on input line 1372.
)
LaTeX Font Info:    Trying to load font information for T1+lmr on input line 81.
(c:/ProgramData/TinyTeX/texmf-dist/tex/latex/lm/t1lmr.fd
File: t1lmr.fd 2015/05/01 v1.6.1 Font defs for Latin Modern
)
No file active-travel-behaviour-evolution-in-Canada.aux.
\openout1 = `active-travel-behaviour-evolution-in-Canada.aux'.

LaTeX Font Info:    Checking defaults for OML/cmm/m/it on input line 81.
LaTeX Font Info:    ... okay on input line 81.
LaTeX Font Info:    Checking defaults for OMS/cmsy/m/n on input line 81.
LaTeX Font Info:    ... okay on input line 81.
LaTeX Font Info:    Checking defaults for OT1/cmr/m/n on input line 81.
LaTeX Font Info:    ... okay on input line 81.
LaTeX Font Info:    Checking defaults for T1/cmr/m/n on input line 81.
LaTeX Font Info:    ... okay on input line 81.
LaTeX Font Info:    Checking defaults for TS1/cmr/m/n on input line 81.
LaTeX Font Info:    ... okay on input line 81.
LaTeX Font Info:    Checking defaults for OMX/cmex/m/n on input line 81.
LaTeX Font Info:    ... okay on input line 81.
LaTeX Font Info:    Checking defaults for U/cmr/m/n on input line 81.
LaTeX Font Info:    ... okay on input line 81.
LaTeX Font Info:    Checking defaults for PD1/pdf/m/n on input line 81.
LaTeX Font Info:    ... okay on input line 81.
LaTeX Font Info:    Checking defaults for PU/pdf/m/n on input line 81.
LaTeX Font Info:    ... okay on input line 81.
(c:/ProgramData/TinyTeX/texmf-dist/tex/latex/epstopdf-pkg/epstopdf-base.sty
Package: epstopdf-base 2020-01-24 v2.11 Base part for package epstopdf
Package epstopdf-base Info: Redefining graphics rule for `.eps' on input line 485.
(c:/ProgramData/TinyTeX/texmf-dist/tex/latex/latexconfig/epstopdf-sys.cfg
File: epstopdf-sys.cfg 2010/07/13 v1.3 Configuration of (r)epstopdf for TeX Live
))
Package hyperref Info: Link coloring OFF on input line 81.
\@outlinefile=\write4
\openout4 = `active-travel-behaviour-evolution-in-Canada.out'.

LaTeX Font Info:    Trying to load font information for OT1+lmr on input line 143.
(c:/ProgramData/TinyTeX/texmf-dist/tex/latex/lm/ot1lmr.fd
File: ot1lmr.fd 2015/05/01 v1.6.1 Font defs for Latin Modern
)
LaTeX Font Info:    Trying to load font information for OML+lmm on input line 143.
(c:/ProgramData/TinyTeX/texmf-dist/tex/latex/lm/omllmm.fd
File: omllmm.fd 2015/05/01 v1.6.1 Font defs for Latin Modern
)
LaTeX Font Info:    Trying to load font information for OMS+lmsy on input line 143.
(c:/ProgramData/TinyTeX/texmf-dist/tex/latex/lm/omslmsy.fd
File: omslmsy.fd 2015/05/01 v1.6.1 Font defs for Latin Modern
)
LaTeX Font Info:    Trying to load font information for OMX+lmex on input line 143.
(c:/ProgramData/TinyTeX/texmf-dist/tex/latex/lm/omxlmex.fd
File: omxlmex.fd 2015/05/01 v1.6.1 Font defs for Latin Modern
)
LaTeX Font Info:    External font `lmex10' loaded for size
(Font)              <8> on input line 143.
LaTeX Font Info:    External font `lmex10' loaded for size
(Font)              <6> on input line 143.
LaTeX Font Info:    External font `lmex10' loaded for size
(Font)              <5> on input line 143.
LaTeX Font Info:    Trying to load font information for U+msa on input line 143.
(c:/ProgramData/TinyTeX/texmf-dist/tex/latex/amsfonts/umsa.fd
File: umsa.fd 2013/01/14 v3.01 AMS symbols A
)
LaTeX Font Info:    Trying to load font information for U+msb on input line 143.
(c:/ProgramData/TinyTeX/texmf-dist/tex/latex/amsfonts/umsb.fd
File: umsb.fd 2013/01/14 v3.01 AMS symbols B
)
LaTeX Font Info:    Trying to load font information for T1+lmss on input line 143.
(c:/ProgramData/TinyTeX/texmf-dist/tex/latex/lm/t1lmss.fd
File: t1lmss.fd 2015/05/01 v1.6.1 Font defs for Latin Modern
)
LaTeX Font Info:    External font `lmex10' loaded for size
(Font)              <10> on input line 143.
LaTeX Font Info:    External font `lmex10' loaded for size
(Font)              <7> on input line 143.

Package natbib Warning: Citation `iacono2008access' on page 1 undefined on input line 153.


Package natbib Warning: Citation `hino2014built' on page 1 undefined on input line 156.


Package natbib Warning: Citation `lamiquiz2015effects' on page 1 undefined on input line 156.


Package natbib Warning: Citation `handy1993regional' on page 1 undefined on input line 158.


Package natbib Warning: Citation `clifton2001evaluating' on page 1 undefined on input line 158.


Package natbib Warning: Citation `frank2001built' on page 1 undefined on input line 158.


Package natbib Warning: Citation `krizek2005perspectives' on page 1 undefined on input line 158.


Package natbib Warning: Citation `sallis2004active' on page 1 undefined on input line 158.


Package natbib Warning: Citation `vandenbulcke2009mapping' on page 1 undefined on input line 158.


Package natbib Warning: Citation `wu2019measuring' on page 1 undefined on input line 158.


Overfull \vbox (23.76411pt too high) has occurred while \output is active []




Overfull \hbox (2.22221pt too wide) has occurred while \output is active
[] 
 []


Package hyperref Warning: Token not allowed in a PDF string (Unicode):
(hyperref)                removing `\<def>-command' on input line 165.


Package hyperref Warning: Token not allowed in a PDF string (Unicode):
(hyperref)                removing `\cnotenum' on input line 165.


Package hyperref Warning: Token not allowed in a PDF string (Unicode):
(hyperref)                removing `\<def>-command' on input line 165.


Package hyperref Warning: Token not allowed in a PDF string (Unicode):
(hyperref)                removing `\@corref' on input line 165.


Package hyperref Warning: Token not allowed in a PDF string (Unicode):
(hyperref)                removing `\<let>-command' on input line 165.


Package hyperref Warning: Token not allowed in a PDF string (Unicode):
(hyperref)                removing `\comma' on input line 165.


Package hyperref Warning: Token not allowed in a PDF string (Unicode):
(hyperref)                removing `\<def>-command' on input line 165.


Package hyperref Warning: Token not allowed in a PDF string (Unicode):
(hyperref)                removing `\@fnmark' on input line 165.


Package hyperref Warning: Token not allowed in a PDF string (Unicode):
(hyperref)                removing `\<let>-command' on input line 165.


Package hyperref Warning: Token not allowed in a PDF string (Unicode):
(hyperref)                removing `\comma' on input line 165.


Package hyperref Warning: Token not allowed in a PDF string (Unicode):
(hyperref)                removing `\<def>-command' on input line 165.


Package hyperref Warning: Token not allowed in a PDF string (Unicode):
(hyperref)                removing `\@fnmark' on input line 165.

[1


{c:/ProgramData/TinyTeX/texmf-var/fonts/map/pdftex/updmap/pdftex.map}{c:/ProgramData/TinyTeX/texmf-dist/fonts/enc/dvips/lm/lm-ec.enc}{c:/ProgramData/TinyTeX/texmf-dist/fonts/enc/dvips/lm/lm-mathsy.enc}]

Package natbib Warning: Citation `frank2005linking' on page 2 undefined on input line 173.


Package natbib Warning: Citation `krizek2005perspectives' on page 2 undefined on input line 173.


Package natbib Warning: Citation `currie2010quantifying' on page 2 undefined on input line 173.


Package natbib Warning: Citation `iacono2010' on page 2 undefined on input line 173.


Package natbib Warning: Citation `yang2012walking' on page 2 undefined on input line 173.


Package natbib Warning: Citation `millward2013active' on page 2 undefined on input line 173.


Package natbib Warning: Citation `nassir2016utility' on page 2 undefined on input line 173.


Package natbib Warning: Citation `saghapour2017measuring' on page 2 undefined on input line 173.


Package natbib Warning: Citation `wu2019measuring' on page 2 undefined on input line 173.


Package natbib Warning: Citation `taylor1975distance' on page 2 undefined on input line 178.


Package natbib Warning: Citation `fotheringham1981spatial' on page 2 undefined on input line 178.


Package natbib Warning: Citation `kwan1998space' on page 2 undefined on input line 178.


Package natbib Warning: Citation `eldridge1991warped' on page 2 undefined on input line 178.


Package natbib Warning: Citation `luoma1993threshold' on page 2 undefined on input line 178.


Package natbib Warning: Citation `papa2012gravity' on page 2 undefined on input line 178.


Package natbib Warning: Citation `yang2012walking' on page 2 undefined on input line 178.


Package natbib Warning: Citation `millward2013active' on page 2 undefined on input line 178.


Package natbib Warning: Citation `vale2017influence' on page 2 undefined on input line 178.


Package natbib Warning: Citation `hansen1959accessibility' on page 2 undefined on input line 184.


Package natbib Warning: Citation `pirie1979measuring' on page 2 undefined on input line 184.


Package natbib Warning: Citation `handy1997measuring' on page 2 undefined on input line 184.


Package natbib Warning: Citation `geurs2001accessibility' on page 2 undefined on input line 184.


Package natbib Warning: Citation `bhat2002development' on page 2 undefined on input line 184.


Package natbib Warning: Citation `church2003measuring' on page 2 undefined on input line 184.


Package natbib Warning: Citation `kwan2003recent' on page 2 undefined on input line 184.


Package natbib Warning: Citation `geurs2004' on page 2 undefined on input line 184.


Package natbib Warning: Citation `levinson2005access' on page 2 undefined on input line 184.


Package natbib Warning: Citation `cascetta2013new' on page 2 undefined on input line 184.


Package natbib Warning: Citation `iacono2008access' on page 2 undefined on input line 192.


Package natbib Warning: Citation `iacono2010' on page 2 undefined on input line 192.


Package natbib Warning: Citation `luoma1993threshold' on page 2 undefined on input line 193.


Package natbib Warning: Citation `luoma1993threshold' on page 2 undefined on input line 196.


Package natbib Warning: Citation `mikkonen1999parameters' on page 2 undefined on input line 197.


Package natbib Warning: Citation `mikkonen1999parameters' on page 2 undefined on input line 200.


Package natbib Warning: Citation `iacono2008access' on page 2 undefined on input line 206.


Package natbib Warning: Citation `iacono2010' on page 2 undefined on input line 206.


Package natbib Warning: Citation `larsen2010beyond' on page 2 undefined on input line 206.


Package natbib Warning: Citation `yang2012walking' on page 2 undefined on input line 206.


Package natbib Warning: Citation `millward2013active' on page 2 undefined on input line 206.


Package natbib Warning: Citation `vale2017influence' on page 2 undefined on input line 206.


Package natbib Warning: Citation `li2020approach' on page 2 undefined on input line 206.


Package natbib Warning: Citation `de2009exponential' on page 2 undefined on input line 213.


Package natbib Warning: Citation `reggiani2011accessibility' on page 2 undefined on input line 213.


Package natbib Warning: Citation `osth2016new' on page 2 undefined on input line 213.


Package natbib Warning: Citation `itf2017linking' on page 2 undefined on input line 213.


Package natbib Warning: Citation `handy1997measuring' on page 2 undefined on input line 218.


Package natbib Warning: Citation `geurs2001accessibility' on page 2 undefined on input line 218.


Package natbib Warning: Citation `iacono2010' on page 2 undefined on input line 218.


Package natbib Warning: Citation `vega2012using' on page 2 undefined on input line 218.


Package natbib Warning: Citation `millward2013active' on page 2 undefined on input line 218.


Package natbib Warning: Citation `vale2017influence' on page 2 undefined on input line 218.


Package natbib Warning: Citation `li2020approach' on page 2 undefined on input line 218.



[2]

Package natbib Warning: Citation `iacono2010' on page 3 undefined on input line 223.


Package natbib Warning: Citation `kanafani1983transportation' on page 3 undefined on input line 223.


Package natbib Warning: Citation `fotheringham1989spatial' on page 3 undefined on input line 223.


Package natbib Warning: Citation `iacono2010' on page 3 undefined on input line 230.


Package natbib Warning: Citation `hull2012accessibility' on page 3 undefined on input line 230.


Package natbib Warning: Citation `sun2012measuring' on page 3 undefined on input line 230.


Package natbib Warning: Citation `lowry2012using' on page 3 undefined on input line 230.


Package natbib Warning: Citation `vasconcelos2012evaluation' on page 3 undefined on input line 230.


Package natbib Warning: Citation `handy1997measuring' on page 3 undefined on input line 234.


Package natbib Warning: Citation `iacono2010' on page 3 undefined on input line 234.


Package natbib Warning: Citation `yang2012walking' on page 3 undefined on input line 234.


Package natbib Warning: Citation `arranz2019measuring' on page 3 undefined on input line 234.


Package natbib Warning: Citation `iacono2010' on page 3 undefined on input line 241.


Package natbib Warning: Citation `millward2013active' on page 3 undefined on input line 241.

LaTeX Font Info:    Trying to load font information for T1+lmtt on input line 259.
(c:/ProgramData/TinyTeX/texmf-dist/tex/latex/lm/t1lmtt.fd
File: t1lmtt.fd 2015/05/01 v1.6.1 Font defs for Latin Modern
)

Package natbib Warning: Citation `dossantos2024ActiveCA' on page 3 undefined on input line 260.


Package natbib Warning: Citation `grengs2015nonwork' on page 3 undefined on input line 274.



[3]

Package natbib Warning: Citation `pereira2017' on page 4 undefined on input line 292.


Package natbib Warning: Citation `hansen1959accessibility' on page 4 undefined on input line 294.


Package natbib Warning: Citation `páez2012' on page 4 undefined on input line 294.


Package natbib Warning: Citation `hansen1959accessibility' on page 4 undefined on input line 299.


Package natbib Warning: Citation `koenig1980indicators' on page 4 undefined on input line 299.


Package natbib Warning: Citation `fotheringham1981spatial' on page 4 undefined on input line 299.


Package natbib Warning: Citation `hsiao1997use' on page 4 undefined on input line 304.


Package natbib Warning: Citation `zhao2003forecasting' on page 4 undefined on input line 304.


Package natbib Warning: Citation `iacono2010' on page 4 undefined on input line 304.


Package natbib Warning: Citation `li2020approach' on page 4 undefined on input line 304.


Package natbib Warning: Citation `hansen1959accessibility' on page 4 undefined on input line 313.


Package natbib Warning: Citation `koenig1980indicators' on page 4 undefined on input line 313.


Package natbib Warning: Citation `fotheringham1981spatial' on page 4 undefined on input line 313.


Package natbib Warning: Citation `skov2001estimation' on page 4 undefined on input line 313.


Package natbib Warning: Citation `carrothers1956historical' on page 4 undefined on input line 316.


Package natbib Warning: Citation `untermann1984accommodating' on page 4 undefined on input line 327.


Package natbib Warning: Citation `moreno2021' on page 4 undefined on input line 330.


Package natbib Warning: Citation `hansen1959accessibility' on page 4 undefined on input line 335.


Package natbib Warning: Citation `geurs2004' on page 4 undefined on input line 338.


Package natbib Warning: Citation `páez2012' on page 4 undefined on input line 338.


Package natbib Warning: Citation `miller2005place' on page 4 undefined on input line 340.


Package natbib Warning: Citation `hansen1959accessibility' on page 4 undefined on input line 341.


LaTeX Warning: Reference `eq:accessibility-equation' on page 4 undefined on input line 342.



[4]

LaTeX Warning: Reference `eq:cumulative-equation' on page 5 undefined on input line 368.


Package natbib Warning: Citation `pereira2023' on page 5 undefined on input line 382.


Package natbib Warning: Citation `meyer1984urban' on page 5 undefined on input line 396.


Package natbib Warning: Citation `gutierrez1996european' on page 5 undefined on input line 396.


Package natbib Warning: Citation `kwan1998space' on page 5 undefined on input line 396.


Package natbib Warning: Citation `apparicio2008comparing' on page 5 undefined on input line 396.


Package natbib Warning: Citation `iacono2008access' on page 5 undefined on input line 396.


Package natbib Warning: Citation `iacono2010' on page 5 undefined on input line 396.


Package natbib Warning: Citation `larsen2010beyond' on page 5 undefined on input line 396.


Package natbib Warning: Citation `millward2013active' on page 5 undefined on input line 396.


Package natbib Warning: Citation `hansen1959accessibility' on page 5 undefined on input line 401.


Package natbib Warning: Citation `fotheringham1989spatial' on page 5 undefined on input line 405.


Package natbib Warning: Citation `de2009exponential' on page 5 undefined on input line 405.


Package natbib Warning: Citation `iacono2010' on page 5 undefined on input line 405.


Package natbib Warning: Citation `signorino2011gravity' on page 5 undefined on input line 405.


Package natbib Warning: Citation `prins2014many' on page 5 undefined on input line 405.



[5{c:/ProgramData/TinyTeX/texmf-dist/fonts/enc/dvips/lm/lm-mathit.enc}{c:/ProgramData/TinyTeX/texmf-dist/fonts/enc/dvips/lm/lm-rm.enc}{c:/ProgramData/TinyTeX/texmf-dist/fonts/enc/dvips/lm/lm-mathex.enc}]

Package natbib Warning: Citation `soukhov2024' on page 6 undefined on input line 412.


Package natbib Warning: Citation `dunn2023' on page 6 undefined on input line 421.

LaTeX Font Info:    Trying to load font information for TS1+lmr on input line 431.
(c:/ProgramData/TinyTeX/texmf-dist/tex/latex/lm/ts1lmr.fd
File: ts1lmr.fd 2015/05/01 v1.6.1 Font defs for Latin Modern
)

LaTeX Warning: Reference `eq:uniform-equation' on page 6 undefined on input line 437.


LaTeX Warning: Reference `eq:exponential-equation' on page 6 undefined on input line 463.


LaTeX Warning: Reference `eq:gamma-equation' on page 6 undefined on input line 482.



[6{c:/ProgramData/TinyTeX/texmf-dist/fonts/enc/dvips/lm/lm-ts1.enc}]

Package natbib Warning: Citation `soukhov2024' on page 7 undefined on input line 500.


LaTeX Warning: Reference `eq:normal-equation' on page 7 undefined on input line 511.


LaTeX Warning: Reference `eq:lognormal-equation' on page 7 undefined on input line 534.


Package natbib Warning: Citation `dossantos2024ActiveCA' on page 7 undefined on input line 553.



[7]

Package natbib Warning: Citation `statisticscanada2022' on page 8 undefined on input line 560.


Package natbib Warning: Citation `statisticscanada2022' on page 8 undefined on input line 576.


Package natbib Warning: Citation `dossantos2024ActiveCA' on page 8 undefined on input line 595.


Package natbib Warning: Citation `arribas-bel2021' on page 8 undefined on input line 616.


Package natbib Warning: Citation `páez2021' on page 8 undefined on input line 616.



[8]

[9]

Package natbib Warning: Citation `delignette2015fitdistrplus' on page 10 undefined on input line 688.


LaTeX Warning: Reference `tab:episodes-count-percentages' on page 10 undefined on input line 727.



[10]
Overfull \hbox (257.39539pt too wide) in alignment at lines 747--758
 [] [] [] [] [] [] [] [] [] [] [] [] [] [] [] 
 []


LaTeX Warning: Reference `tab:table-02' on page 11 undefined on input line 761.

[11]

LaTeX Warning: Reference `fig:figure-destmodeyearperc' on page 12 undefined on input line 823.

<figures/destination_percentual.jpg, id=96, 867.24pt x 578.16pt>
File: figures/destination_percentual.jpg Graphic file (type jpg)
<use figures/destination_percentual.jpg>
Package pdftex.def Info: figures/destination_percentual.jpg  used on input line 840.
(pdftex.def)             Requested size: 345.0pt x 229.99835pt.

LaTeX Warning: Reference `fig:figure-boxplot' on page 12 undefined on input line 851.



[12]
<figures/destination_boxplots.jpg, id=102, 867.24pt x 578.16pt>
File: figures/destination_boxplots.jpg Graphic file (type jpg)
<use figures/destination_boxplots.jpg>
Package pdftex.def Info: figures/destination_boxplots.jpg  used on input line 867.
(pdftex.def)             Requested size: 345.0pt x 229.99835pt.


[13
pdfTeX warning (ext4): destination with the same identifier (name{figure.1}) has been already used, duplicate ignored
<argument> ...shipout:D \box_use:N \l_shipout_box 
                                                  \__shipout_drop_firstpage_...
l.895 
       <./figures/destination_percentual.jpg>]

LaTeX Warning: Reference `fig:walking-heatmap' on page 14 undefined on input line 907.


LaTeX Warning: Reference `fig:cycling-heatmap' on page 14 undefined on input line 907.



[14
pdfTeX warning (ext4): destination with the same identifier (name{figure.2}) has been already used, duplicate ignored
<argument> ...shipout:D \box_use:N \l_shipout_box 
                                                  \__shipout_drop_firstpage_...
l.937 
       <./figures/destination_boxplots.jpg>]
<figures/walking_hm_fig.jpg, id=114, 578.16pt x 361.35pt>
File: figures/walking_hm_fig.jpg Graphic file (type jpg)
<use figures/walking_hm_fig.jpg>
Package pdftex.def Info: figures/walking_hm_fig.jpg  used on input line 939.
(pdftex.def)             Requested size: 345.0pt x 215.6207pt.
<figures/cycling_hm_fig.jpg, id=115, 578.16pt x 361.35pt>
File: figures/cycling_hm_fig.jpg Graphic file (type jpg)
<use figures/cycling_hm_fig.jpg>
Package pdftex.def Info: figures/cycling_hm_fig.jpg  used on input line 943.
(pdftex.def)             Requested size: 345.0pt x 215.6207pt.

LaTeX Warning: Reference `fig:cycling-heatmap' on page 15 undefined on input line 946.



[15
pdfTeX warning (ext4): destination with the same identifier (name{figure.3}) has been already used, duplicate ignored
<argument> ...shipout:D \box_use:N \l_shipout_box 
                                                  \__shipout_drop_firstpage_...
l.957 
       <./figures/walking_hm_fig.jpg>]

LaTeX Warning: Reference `tab:result-stats' on page 16 undefined on input line 971.



[16
pdfTeX warning (ext4): destination with the same identifier (name{figure.4}) has been already used, duplicate ignored
<argument> ...shipout:D \box_use:N \l_shipout_box 
                                                  \__shipout_drop_firstpage_...
l.986 
       <./figures/cycling_hm_fig.jpg>]

LaTeX Warning: Float too large for page by 87.463pt on input line 1120.


LaTeX Warning: Reference `tab:pop-stats-table' on page 17 undefined on input line 1127.


Overfull \hbox (499.2288pt too wide) in alignment at lines 1140--1159
 [] [] [] [] [] [] [] [] [] [] [] [] [] [] [] [] [] [] [] 
 []



[17]

[18
pdfTeX warning (ext4): destination with the same identifier (name{table.3}) has been already used, duplicate ignored
<argument> ...shipout:D \box_use:N \l_shipout_box 
                                                  \__shipout_drop_firstpage_...
l.1180 
       ]
<figures/active_pop_gender_graph.jpg, id=138, 569.0058pt x 227.4096pt>
File: figures/active_pop_gender_graph.jpg Graphic file (type jpg)
<use figures/active_pop_gender_graph.jpg>
Package pdftex.def Info: figures/active_pop_gender_graph.jpg  used on input line 1182.
(pdftex.def)             Requested size: 345.0pt x 137.88338pt.
<figures/active_pop_age_graph.jpg, id=139, 569.0058pt x 227.4096pt>
File: figures/active_pop_age_graph.jpg Graphic file (type jpg)
<use figures/active_pop_age_graph.jpg>
Package pdftex.def Info: figures/active_pop_age_graph.jpg  used on input line 1205.
(pdftex.def)             Requested size: 345.0pt x 137.88338pt.

LaTeX Warning: Reference `fig:eps-per-person-fig' on page 19 undefined on input line 1219.


LaTeX Warning: Reference `fig:eps-per-person-act-total-fig' on page 19 undefined on input line 1224.



[19
pdfTeX warning (ext4): destination with the same identifier (name{figure.5}) has been already used, duplicate ignored
<argument> ...shipout:D \box_use:N \l_shipout_box 
                                                  \__shipout_drop_firstpage_...
l.1234 
        <./figures/active_pop_gender_graph.jpg>]
<figures/eps_gender_graph.jpg, id=146, 569.0058pt x 227.4096pt>
File: figures/eps_gender_graph.jpg Graphic file (type jpg)
<use figures/eps_gender_graph.jpg>
Package pdftex.def Info: figures/eps_gender_graph.jpg  used on input line 1236.
(pdftex.def)             Requested size: 345.0pt x 137.88338pt.

LaTeX Warning: Reference `fig:eps-per-person-by-mode-fig' on page 20 undefined on input line 1240.


LaTeX Warning: Reference `fig:eps-per-person-act-total-fig' on page 20 undefined on input line 1245.


LaTeX Warning: Reference `fig:eps-per-person-by-mode-fig' on page 20 undefined on input line 1246.



[20
pdfTeX warning (ext4): destination with the same identifier (name{figure.6}) has been already used, duplicate ignored
<argument> ...shipout:D \box_use:N \l_shipout_box 
                                                  \__shipout_drop_firstpage_...
l.1252 
       
pdfTeX warning (ext4): destination with the same identifier (name{figure.7}) has been already used, duplicate ignored
<argument> ...shipout:D \box_use:N \l_shipout_box 
                                                  \__shipout_drop_firstpage_...
l.1252 
        <./figures/active_pop_age_graph.jpg> <./figures/eps_gender_graph.jpg>]
File: figures/eps_gender_graph.jpg Graphic file (type jpg)
<use figures/eps_gender_graph.jpg>
Package pdftex.def Info: figures/eps_gender_graph.jpg  used on input line 1254.
(pdftex.def)             Requested size: 345.0pt x 137.88338pt.

Package natbib Warning: Citation `delignette2015fitdistrplus' on page 21 undefined on input line 1272.


Package natbib Warning: Citation `akaike1974' on page 21 undefined on input line 1275.


LaTeX Warning: Reference `tab:walking-functions-tab' on page 21 undefined on input line 1293.


LaTeX Warning: Reference `tab:cycling-functions-tab' on page 21 undefined on input line 1294.



[21
pdfTeX warning (ext4): destination with the same identifier (name{figure.8}) has been already used, duplicate ignored
<argument> ...shipout:D \box_use:N \l_shipout_box 
                                                  \__shipout_drop_firstpage_...
l.1297 
       ]

LaTeX Warning: Reference `fig:outdoors-impedance-fig' on page 22 undefined on input line 1502.

<figures/impf_Outdoors.jpg, id=159, 1011.78pt x 650.43pt>
File: figures/impf_Outdoors.jpg Graphic file (type jpg)
<use figures/impf_Outdoors.jpg>
Package pdftex.def Info: figures/impf_Outdoors.jpg  used on input line 1517.
(pdftex.def)             Requested size: 345.0pt x 221.78838pt.


[22
pdfTeX warning (ext4): destination with the same identifier (name{figure.9}) has been already used, duplicate ignored
<argument> ...shipout:D \box_use:N \l_shipout_box 
                                                  \__shipout_drop_firstpage_...
l.1537 
        <./figures/impf_Outdoors.jpg>]

[23
pdfTeX warning (ext4): destination with the same identifier (name{table.5}) has been already used, duplicate ignored
<argument> ...shipout:D \box_use:N \l_shipout_box 
                                                  \__shipout_drop_firstpage_...
l.1537 
       ]

[24
pdfTeX warning (ext4): destination with the same identifier (name{table.6}) has been already used, duplicate ignored
<argument> ...shipout:D \box_use:N \l_shipout_box 
                                                  \__shipout_drop_firstpage_...
l.1537 
       ]
Overfull \hbox (0.1935pt too wide) in paragraph at lines 1568--1574
[]\T1/lmr/m/n/10 The com-plex-ity of the impedance func-tion de-pends on the num-ber of episodes
 []


LaTeX Warning: Reference `fig:walking-evolution-fig' on page 25 undefined on input line 1576.


LaTeX Warning: Reference `fig:figure-boxplot' on page 25 undefined on input line 1585.

<figures/walking_temporal_evolution.jpg, id=176, 722.7pt x 505.89pt>
File: figures/walking_temporal_evolution.jpg Graphic file (type jpg)
<use figures/walking_temporal_evolution.jpg>
Package pdftex.def Info: figures/walking_temporal_evolution.jpg  used on input line 1590.
(pdftex.def)             Requested size: 345.0pt x 241.49672pt.

LaTeX Warning: Reference `fig:walking-function-by-year-fig' on page 25 undefined on input line 1597.


LaTeX Warning: Reference `fig:cycling-function-by-year-fig' on page 25 undefined on input line 1598.



[25]
<figures/walking_functions_by_year.jpg, id=182, 722.7pt x 361.35pt>
File: figures/walking_functions_by_year.jpg Graphic file (type jpg)
<use figures/walking_functions_by_year.jpg>
Package pdftex.def Info: figures/walking_functions_by_year.jpg  used on input line 1604.
(pdftex.def)             Requested size: 345.0pt x 172.49767pt.
<figures/cycling_functions_by_year.jpg, id=183, 722.7pt x 361.35pt>
File: figures/cycling_functions_by_year.jpg Graphic file (type jpg)
<use figures/cycling_functions_by_year.jpg>
Package pdftex.def Info: figures/cycling_functions_by_year.jpg  used on input line 1613.
(pdftex.def)             Requested size: 345.0pt x 172.49767pt.

Package natbib Warning: Citation `dossantos2024ActiveCA' on page 26 undefined on input line 1628.



[26
pdfTeX warning (ext4): destination with the same identifier (name{figure.10}) has been already used, duplicate ignored
<argument> ...shipout:D \box_use:N \l_shipout_box 
                                                  \__shipout_drop_firstpage_...
l.1644 
        <./figures/walking_temporal_evolution.jpg>]

[27
pdfTeX warning (ext4): destination with the same identifier (name{figure.11}) has been already used, duplicate ignored
<argument> ...shipout:D \box_use:N \l_shipout_box 
                                                  \__shipout_drop_firstpage_...
l.1644 
       
pdfTeX warning (ext4): destination with the same identifier (name{figure.12}) has been already used, duplicate ignored
<argument> ...shipout:D \box_use:N \l_shipout_box 
                                                  \__shipout_drop_firstpage_...
l.1644 
        <./figures/walking_functions_by_year.jpg> <./figures/cycling_functions_by_year.jpg>]

[28]
No file active-travel-behaviour-evolution-in-Canada.bbl.

Package natbib Warning: There were undefined citations.



[29] (./active-travel-behaviour-evolution-in-Canada.aux)
 ***********
LaTeX2e <2024-11-01> patch level 2
L3 programming layer <2025-04-29>
 ***********

LaTeX Warning: There were undefined references.


LaTeX Warning: Label(s) may have changed. Rerun to get cross-references right.


Package rerunfilecheck Warning: File `active-travel-behaviour-evolution-in-Canada.out' has changed.
(rerunfilecheck)                Rerun to get outlines right
(rerunfilecheck)                or use package `bookmark'.

Package rerunfilecheck Info: Checksums for `active-travel-behaviour-evolution-in-Canada.out':
(rerunfilecheck)             Before: <no file>
(rerunfilecheck)             After:  2ACEC8C86AB5384556267600D89DB583;2773.
 ) 
Here is how much of TeX's memory you used:
 13494 strings out of 471571
 211710 string characters out of 5520522
 666877 words of memory out of 5000000
 39756 multiletter control sequences out of 15000+600000
 691141 words of font info for 83 fonts, out of 8000000 for 9000
 14 hyphenation exceptions out of 8191
 72i,14n,79p,541b,596s stack positions out of 10000i,1000n,20000p,200000b,200000s
<c:/ProgramData/TinyTeX/texmf-dist/fonts/type1/public/lm/lmbx10.pfb><c:/ProgramData/TinyTeX/texmf-dist/fonts/type1/public/lm/lmbx6.pfb><c:/ProgramData/TinyTeX/texmf-dist/fonts/type1/public/lm/lmbx8.pfb><c:/ProgramData/TinyTeX/texmf-dist/fonts/type1/public/lm/lmex10.pfb><c:/ProgramData/TinyTeX/texmf-dist/fonts/type1/public/lm/lmmi10.pfb><c:/ProgramData/TinyTeX/texmf-dist/fonts/type1/public/lm/lmmi5.pfb><c:/ProgramData/TinyTeX/texmf-dist/fonts/type1/public/lm/lmmi7.pfb><c:/ProgramData/TinyTeX/texmf-dist/fonts/type1/public/lm/lmr10.pfb><c:/ProgramData/TinyTeX/texmf-dist/fonts/type1/public/lm/lmr12.pfb><c:/ProgramData/TinyTeX/texmf-dist/fonts/type1/public/lm/lmr5.pfb><c:/ProgramData/TinyTeX/texmf-dist/fonts/type1/public/lm/lmr6.pfb><c:/ProgramData/TinyTeX/texmf-dist/fonts/type1/public/lm/lmr7.pfb><c:/ProgramData/TinyTeX/texmf-dist/fonts/type1/public/lm/lmr8.pfb><c:/ProgramData/TinyTeX/texmf-dist/fonts/type1/public/lm/lmri10.pfb><c:/ProgramData/TinyTeX/texmf-dist/fonts/type1/public/lm/lmri7.pfb><c:/ProgramData/TinyTeX/texmf-dist/fonts/type1/public/lm/lmri8.pfb><c:/ProgramData/TinyTeX/texmf-dist/fonts/type1/public/lm/lmss8.pfb><c:/ProgramData/TinyTeX/texmf-dist/fonts/type1/public/lm/lmsy10.pfb><c:/ProgramData/TinyTeX/texmf-dist/fonts/type1/public/lm/lmsy5.pfb><c:/ProgramData/TinyTeX/texmf-dist/fonts/type1/public/lm/lmsy6.pfb><c:/ProgramData/TinyTeX/texmf-dist/fonts/type1/public/lm/lmsy7.pfb><c:/ProgramData/TinyTeX/texmf-dist/fonts/type1/public/lm/lmtt10.pfb>
Output written on active-travel-behaviour-evolution-in-Canada.pdf (29 pages, 4098608 bytes).
PDF statistics:
 324 PDF objects out of 1000 (max. 8388607)
 232 compressed objects within 3 object streams
 72 named destinations out of 1000 (max. 500000)
 56 words of extra memory for PDF output out of 10000 (max. 10000000)

